<?xml version="1.0" encoding="UTF-8"?>
<robot generator="Robot 7.2.2 (Python 3.13.2 on linux)" generated="2025-02-20T00:05:34.764184" rpa="false" schemaversion="5">
<suite id="s1" name="Loginpub400" source="/home/lucasrocha/GitClones/Port_Robot/Mainframe/Tests/loginpub400.robot">
<test id="s1-t1" name="Caso de Teste 1 - Validar alteração de senha inicial com sucesso" line="8">
<kw name="Iniciar conexão Mainframe" owner="keywords" type="SETUP">
<kw name="Open Connection" owner="Mainframe3270">
<arg>host=${host}</arg>
<doc>Create a connection to an IBM3270 mainframe with the default port 23.
To establish a connection, only the hostname is required.
Optional parameters include logical unit name (LU) and port.</doc>
<status status="PASS" start="2025-02-20T00:05:34.818064" elapsed="2.461118"/>
</kw>
<arg>${HOST.pub400}</arg>
<arg>${PORT.pub400}</arg>
<status status="PASS" start="2025-02-20T00:05:34.817126" elapsed="2.462199"/>
</kw>
<kw name="Dado que estou na aplicação" owner="keywords">
<kw name="Wait Until String" owner="Mainframe3270">
<arg>txt=Welcome to PUB400.COM * your public IBM i server</arg>
<arg>timeout=10s</arg>
<doc>Wait until a string exists on the mainframe screen to perform the next step. If the string does not appear
in 5 seconds, the keyword will raise an exception. You can define a different timeout.</doc>
<status status="PASS" start="2025-02-20T00:05:37.279984" elapsed="0.001198"/>
</kw>
<status status="PASS" start="2025-02-20T00:05:37.279645" elapsed="0.001643"/>
</kw>
<kw name="Quando realizo o login na aplicação" owner="keywords">
<kw name="Write Bare In Position" owner="Mainframe3270">
<arg>${USER}</arg>
<arg>5</arg>
<arg>25</arg>
<doc>Send only the string to the screen at screen coordinates ``ypos`` / ``xpos``.</doc>
<status status="PASS" start="2025-02-20T00:05:37.282382" elapsed="0.000485"/>
</kw>
<kw name="Move Next Field" owner="Mainframe3270">
<doc>Move the cursor to the next input field. Equivalent to pressing the Tab key.</doc>
<status status="PASS" start="2025-02-20T00:05:37.282994" elapsed="0.000349"/>
</kw>
<kw name="Write Bare" owner="Mainframe3270">
<arg>${PASSWORD}</arg>
<doc>Send only the string to the screen at the current cursor location.</doc>
<status status="PASS" start="2025-02-20T00:05:37.283440" elapsed="0.000323"/>
</kw>
<kw name="Send Enter" owner="Mainframe3270">
<doc>Send an Enter to the screen.</doc>
<status status="PASS" start="2025-02-20T00:05:37.283860" elapsed="0.840703"/>
</kw>
<arg>${USER.pub400}</arg>
<arg>${PASSWORD.pub400}</arg>
<status status="PASS" start="2025-02-20T00:05:37.281496" elapsed="0.843178"/>
</kw>
<kw name="Então deve acessar o menu principal" owner="keywords">
<kw name="Wait Until String" owner="Mainframe3270">
<arg>txt=IBM i Main Menu</arg>
<arg>timeout=10s</arg>
<doc>Wait until a string exists on the mainframe screen to perform the next step. If the string does not appear
in 5 seconds, the keyword will raise an exception. You can define a different timeout.</doc>
<status status="PASS" start="2025-02-20T00:05:38.125090" elapsed="0.000337"/>
</kw>
<status status="PASS" start="2025-02-20T00:05:38.124859" elapsed="0.000638"/>
</kw>
<kw name="Encerrar conexão Mainframe" owner="keywords" type="TEARDOWN">
<kw name="Take Screenshot" owner="Mainframe3270">
<msg time="2025-02-20T00:05:38.126440" level="INFO" html="true">&lt;iframe src="./screenshot_1740020738126.html" height="410" width="670"&gt;&lt;/iframe&gt;</msg>
<doc>Generate a screenshot of the IBM 3270 Mainframe in a html format. The
default folder is the log folder of RobotFramework, if you want change see the `Set Screenshot Folder`.</doc>
<status status="PASS" start="2025-02-20T00:05:38.125921" elapsed="0.000588"/>
</kw>
<kw name="Close Connection" owner="Mainframe3270">
<doc>Close the current connection.</doc>
<status status="PASS" start="2025-02-20T00:05:38.126601" elapsed="0.000155"/>
</kw>
<status status="PASS" start="2025-02-20T00:05:38.125731" elapsed="0.001070"/>
</kw>
<status status="PASS" start="2025-02-20T00:05:34.816603" elapsed="3.310259"/>
</test>
<status status="PASS" start="2025-02-20T00:05:34.764842" elapsed="3.362364"/>
</suite>
<statistics>
<total>
<stat pass="1" fail="0" skip="0">All Tests</stat>
</total>
<tag>
</tag>
<suite>
<stat name="Loginpub400" id="s1" pass="1" fail="0" skip="0">Loginpub400</stat>
</suite>
</statistics>
<errors>
<msg time="2025-02-20T00:05:34.812371" level="ERROR">Error in file '/home/lucasrocha/GitClones/Port_Robot/Mainframe/Resources/Screens/setup.resource' on line 6: Importing library 'FakerLibrary' failed: ModuleNotFoundError: No module named 'FakerLibrary'
Traceback (most recent call last):
  None
PYTHONPATH:
  /home/lucasrocha/.local/bin
  /usr/lib64/python313.zip
  /usr/lib64/python3.13
  /usr/lib64/python3.13/lib-dynload
  /home/lucasrocha/.local/lib/python3.13/site-packages
  /usr/lib64/python3.13/site-packages
  /usr/lib/python3.13/site-packages</msg>
</errors>
</robot>
