<?xml version="1.0" encoding="UTF-8"?>
<robot generator="Robot 7.2.2 (Python 3.13.0 on win32)" generated="2025-02-16T19:32:21.742933" rpa="false" schemaversion="5">
<suite id="s1" name="loginTK4" source="C:\GitClones\Port_Robot\Mainframe\Tests\loginTK4.robot">
<test id="s1-t1" name="Caso de Teste 1 - Validar alteração de senha inicial com sucesso" line="8">
<kw name="Iniciar conexão Mainframe" owner="keywordslocal" type="SETUP">
<kw name="Open Connection" owner="Mainframe3270">
<arg>host=${host}</arg>
<arg>port=${port}</arg>
<doc>Create a connection to an IBM3270 mainframe with the default port 23.
To establish a connection, only the hostname is required.
Optional parameters include logical unit name (LU) and port.</doc>
<status status="PASS" start="2025-02-16T19:32:22.179544" elapsed="0.526654"/>
</kw>
<arg>${HOST.local}</arg>
<arg>${PORT.local}</arg>
<status status="PASS" start="2025-02-16T19:32:22.178042" elapsed="0.528295"/>
</kw>
<kw name="Dado que estou na aplicação" owner="keywordslocal">
<kw name="Wait Until String" owner="Mainframe3270">
<arg>txt=Ambiente educacional customizado por Ivan Sanches</arg>
<arg>timeout=10s</arg>
<doc>Wait until a string exists on the mainframe screen to perform the next step. If the string does not appear
in 5 seconds, the keyword will raise an exception. You can define a different timeout.</doc>
<status status="PASS" start="2025-02-16T19:32:22.707064" elapsed="1.817644"/>
</kw>
<status status="PASS" start="2025-02-16T19:32:22.706702" elapsed="1.818112"/>
</kw>
<kw name="Quando realizo o login na aplicação" owner="keywordslocal">
<kw name="Write Bare In Position" owner="Mainframe3270">
<arg>${USER}</arg>
<arg>23</arg>
<arg>12</arg>
<doc>Send only the string to the screen at screen coordinates ``ypos`` / ``xpos``.</doc>
<status status="PASS" start="2025-02-16T19:32:24.525826" elapsed="0.001962"/>
</kw>
<kw name="Send Enter" owner="Mainframe3270">
<doc>Send an Enter to the screen.</doc>
<status status="PASS" start="2025-02-16T19:32:24.527953" elapsed="0.519199"/>
</kw>
<kw name="Write Bare" owner="Mainframe3270">
<arg>${PASSWORD}</arg>
<doc>Send only the string to the screen at the current cursor location.</doc>
<status status="PASS" start="2025-02-16T19:32:25.047441" elapsed="0.001452"/>
</kw>
<kw name="Send Enter" owner="Mainframe3270">
<doc>Send an Enter to the screen.</doc>
<status status="PASS" start="2025-02-16T19:32:25.049061" elapsed="0.762583"/>
</kw>
<kw name="Send Enter" owner="Mainframe3270">
<doc>Send an Enter to the screen.</doc>
<status status="PASS" start="2025-02-16T19:32:25.811900" elapsed="0.506639"/>
</kw>
<kw name="Send Enter" owner="Mainframe3270">
<doc>Send an Enter to the screen.</doc>
<status status="PASS" start="2025-02-16T19:32:26.318756" elapsed="0.507387"/>
</kw>
<arg>${USER.local}</arg>
<arg>${PASSWORD.local}</arg>
<status status="PASS" start="2025-02-16T19:32:24.525091" elapsed="2.301217"/>
</kw>
<kw name="Então deve acessar o menu principal e efetuar o logoff" owner="keywordslocal">
<kw name="Wait Until String" owner="Mainframe3270">
<arg>txt=TK4- Version 1.00 Update 08 -- MVS PUT 8505</arg>
<arg>timeout=10s</arg>
<doc>Wait until a string exists on the mainframe screen to perform the next step. If the string does not appear
in 5 seconds, the keyword will raise an exception. You can define a different timeout.</doc>
<status status="PASS" start="2025-02-16T19:32:26.827247" elapsed="0.004289"/>
</kw>
<kw name="Write Bare" owner="Mainframe3270">
<arg>txt=X</arg>
<doc>Send only the string to the screen at the current cursor location.</doc>
<status status="PASS" start="2025-02-16T19:32:26.831700" elapsed="0.000385"/>
</kw>
<kw name="Send Enter" owner="Mainframe3270">
<doc>Send an Enter to the screen.</doc>
<status status="PASS" start="2025-02-16T19:32:26.832185" elapsed="0.533925"/>
</kw>
<kw name="Wait Until String" owner="Mainframe3270">
<arg>txt=READY</arg>
<arg>timeout=10s</arg>
<doc>Wait until a string exists on the mainframe screen to perform the next step. If the string does not appear
in 5 seconds, the keyword will raise an exception. You can define a different timeout.</doc>
<status status="PASS" start="2025-02-16T19:32:27.366336" elapsed="0.002366"/>
</kw>
<kw name="Write Bare" owner="Mainframe3270">
<arg>txt=LOGOFF</arg>
<doc>Send only the string to the screen at the current cursor location.</doc>
<status status="PASS" start="2025-02-16T19:32:27.368848" elapsed="0.000547"/>
</kw>
<kw name="Send Enter" owner="Mainframe3270">
<doc>Send an Enter to the screen.</doc>
<status status="PASS" start="2025-02-16T19:32:27.369508" elapsed="0.545848"/>
</kw>
<kw name="Wait Until String" owner="Mainframe3270">
<arg>txt=Logon</arg>
<arg>timeout=10s</arg>
<doc>Wait until a string exists on the mainframe screen to perform the next step. If the string does not appear
in 5 seconds, the keyword will raise an exception. You can define a different timeout.</doc>
<status status="PASS" start="2025-02-16T19:32:27.915569" elapsed="0.009218"/>
</kw>
<status status="PASS" start="2025-02-16T19:32:26.826928" elapsed="1.097957"/>
</kw>
<kw name="Encerrar conexão Mainframe" owner="keywordslocal" type="TEARDOWN">
<kw name="Take Screenshot" owner="Mainframe3270">
<msg time="2025-02-16T19:32:27.926965" level="INFO" html="true">&lt;iframe src="./screenshot_1739745147926.html" height="410" width="670"&gt;&lt;/iframe&gt;</msg>
<doc>Generate a screenshot of the IBM 3270 Mainframe in a html format. The
default folder is the log folder of RobotFramework, if you want change see the `Set Screenshot Folder`.</doc>
<status status="PASS" start="2025-02-16T19:32:27.925431" elapsed="0.001643"/>
</kw>
<kw name="Close Connection" owner="Mainframe3270">
<doc>Close the current connection.</doc>
<status status="PASS" start="2025-02-16T19:32:27.927216" elapsed="0.000506"/>
</kw>
<status status="PASS" start="2025-02-16T19:32:27.925202" elapsed="0.002576"/>
</kw>
<tag>login</tag>
<status status="PASS" start="2025-02-16T19:32:22.177237" elapsed="5.750730"/>
</test>
<status status="PASS" start="2025-02-16T19:32:21.744240" elapsed="6.184576"/>
</suite>
<statistics>
<total>
<stat pass="1" fail="0" skip="0">All Tests</stat>
</total>
<tag>
<stat pass="1" fail="0" skip="0">login</stat>
</tag>
<suite>
<stat name="loginTK4" id="s1" pass="1" fail="0" skip="0">loginTK4</stat>
</suite>
</statistics>
<errors>
</errors>
</robot>
