<?xml version="1.0" encoding="UTF-8"?>
<robot generator="Robot 7.2.2 (Python 3.13.2 on linux)" generated="2025-02-20T00:09:40.133920" rpa="false" schemaversion="5">
<suite id="s1" name="Saucedemo" source="/home/lucasrocha/GitClones/Port_Robot/WEB/Tests/saucedemo.robot">
<test id="s1-t1" name="Caso de Teste - Fazer login e concluir compra" line="7">
<kw name="Abrir o Navegador" owner="saucedemo" type="SETUP">
<kw name="Open Browser" owner="SeleniumLibrary">
<msg time="2025-02-20T00:09:40.237141" level="INFO">Opening browser 'firefox' to base url 'https://www.saucedemo.com/'.</msg>
<arg>${URL}</arg>
<arg>firefox</arg>
<doc>Opens a new browser instance to the optional ``url``.</doc>
<status status="PASS" start="2025-02-20T00:09:40.236943" elapsed="3.537078"/>
</kw>
<status status="PASS" start="2025-02-20T00:09:40.236232" elapsed="3.537949"/>
</kw>
<kw name="Acessar a home page" owner="saucedemo">
<kw name="Go To" owner="SeleniumLibrary">
<msg time="2025-02-20T00:09:43.775131" level="INFO">Opening url 'https://www.saucedemo.com/'</msg>
<arg>${url}</arg>
<doc>Navigates the current browser window to the provided ``url``.</doc>
<status status="PASS" start="2025-02-20T00:09:43.774956" elapsed="0.138103"/>
</kw>
<arg>https://www.saucedemo.com/</arg>
<status status="PASS" start="2025-02-20T00:09:43.774592" elapsed="0.138576"/>
</kw>
<kw name="Fazer login" owner="saucedemo">
<kw name="Input Text" owner="SeleniumLibrary">
<msg time="2025-02-20T00:09:43.914021" level="INFO">Typing text 'standard_user' into text field 'id=user-name'.</msg>
<arg>id=user-name</arg>
<arg>${username}</arg>
<doc>Types the given ``text`` into the text field identified by ``locator``.</doc>
<status status="PASS" start="2025-02-20T00:09:43.913710" elapsed="0.091827"/>
</kw>
<kw name="Input Text" owner="SeleniumLibrary">
<msg time="2025-02-20T00:09:44.006002" level="INFO">Typing text 'secret_sauce' into text field 'id=password'.</msg>
<arg>id=password</arg>
<arg>${password}</arg>
<doc>Types the given ``text`` into the text field identified by ``locator``.</doc>
<status status="PASS" start="2025-02-20T00:09:44.005757" elapsed="0.024706"/>
</kw>
<kw name="Click Button" owner="SeleniumLibrary">
<msg time="2025-02-20T00:09:44.030794" level="INFO">Clicking button 'id=login-button'.</msg>
<arg>id=login-button</arg>
<doc>Clicks the button identified by ``locator``.</doc>
<status status="PASS" start="2025-02-20T00:09:44.030633" elapsed="0.257821"/>
</kw>
<arg>standard_user</arg>
<arg>secret_sauce</arg>
<status status="PASS" start="2025-02-20T00:09:43.913380" elapsed="0.375176"/>
</kw>
<kw name="Adicionar produto no carrinho" owner="saucedemo">
<kw name="Click Button" owner="SeleniumLibrary">
<msg time="2025-02-20T00:09:44.289176" level="INFO">Clicking button 'xpath=//button[contains(@class, 'btn_inventory')]'.</msg>
<arg>xpath=//button[contains(@class, 'btn_inventory')]</arg>
<doc>Clicks the button identified by ``locator``.</doc>
<status status="PASS" start="2025-02-20T00:09:44.289032" elapsed="0.237998"/>
</kw>
<status status="PASS" start="2025-02-20T00:09:44.288788" elapsed="0.238370"/>
</kw>
<kw name="Visualizar carrinho" owner="saucedemo">
<kw name="Click Element" owner="SeleniumLibrary">
<msg time="2025-02-20T00:09:44.527794" level="INFO">Clicking element 'id=shopping_cart_container'.</msg>
<arg>id=shopping_cart_container</arg>
<doc>Click the element identified by ``locator``.</doc>
<status status="PASS" start="2025-02-20T00:09:44.527644" elapsed="0.219675"/>
</kw>
<status status="PASS" start="2025-02-20T00:09:44.527370" elapsed="0.220072"/>
</kw>
<kw name="Fazer checkout" owner="saucedemo">
<kw name="Click Button" owner="SeleniumLibrary">
<msg time="2025-02-20T00:09:44.748125" level="INFO">Clicking button 'id=checkout'.</msg>
<arg>id=checkout</arg>
<doc>Clicks the button identified by ``locator``.</doc>
<status status="PASS" start="2025-02-20T00:09:44.747983" elapsed="0.229754"/>
</kw>
<kw name="Input Text" owner="SeleniumLibrary">
<msg time="2025-02-20T00:09:44.978077" level="INFO">Typing text 'João' into text field 'id=first-name'.</msg>
<arg>id=first-name</arg>
<arg>${first_name}</arg>
<doc>Types the given ``text`` into the text field identified by ``locator``.</doc>
<status status="PASS" start="2025-02-20T00:09:44.977887" elapsed="0.024342"/>
</kw>
<kw name="Input Text" owner="SeleniumLibrary">
<msg time="2025-02-20T00:09:45.002660" level="INFO">Typing text 'Silva' into text field 'id=last-name'.</msg>
<arg>id=last-name</arg>
<arg>${last_name}</arg>
<doc>Types the given ``text`` into the text field identified by ``locator``.</doc>
<status status="PASS" start="2025-02-20T00:09:45.002418" elapsed="0.019697"/>
</kw>
<kw name="Input Text" owner="SeleniumLibrary">
<msg time="2025-02-20T00:09:45.022585" level="INFO">Typing text '12345678' into text field 'id=postal-code'.</msg>
<arg>id=postal-code</arg>
<arg>${postal_code}</arg>
<doc>Types the given ``text`` into the text field identified by ``locator``.</doc>
<status status="PASS" start="2025-02-20T00:09:45.022300" elapsed="0.024166"/>
</kw>
<kw name="Click Button" owner="SeleniumLibrary">
<msg time="2025-02-20T00:09:45.046808" level="INFO">Clicking button 'id=continue'.</msg>
<arg>id=continue</arg>
<doc>Clicks the button identified by ``locator``.</doc>
<status status="PASS" start="2025-02-20T00:09:45.046654" elapsed="0.221623"/>
</kw>
<arg>João</arg>
<arg>Silva</arg>
<arg>12345678</arg>
<status status="PASS" start="2025-02-20T00:09:44.747690" elapsed="0.520730"/>
</kw>
<kw name="Finalizar compra" owner="saucedemo">
<kw name="Click Button" owner="SeleniumLibrary">
<msg time="2025-02-20T00:09:45.269119" level="INFO">Clicking button 'id=finish'.</msg>
<arg>id=finish</arg>
<doc>Clicks the button identified by ``locator``.</doc>
<status status="PASS" start="2025-02-20T00:09:45.268954" elapsed="0.222661"/>
</kw>
<status status="PASS" start="2025-02-20T00:09:45.268694" elapsed="0.223043"/>
</kw>
<kw name="Verificar compra concluída" owner="saucedemo">
<kw name="Element Should Be Visible" owner="SeleniumLibrary">
<msg time="2025-02-20T00:09:45.503850" level="INFO">Element 'xpath=//h2[@class='complete-header'][contains(.,'Thank you for your order!')]' is displayed.</msg>
<arg>xpath=//h2[@class='complete-header'][contains(.,'Thank you for your order!')]</arg>
<doc>Verifies that the element identified by ``locator`` is visible.</doc>
<status status="PASS" start="2025-02-20T00:09:45.492221" elapsed="0.011737"/>
</kw>
<status status="PASS" start="2025-02-20T00:09:45.491952" elapsed="0.012105"/>
</kw>
<kw name="Fechar o Navegador" owner="saucedemo" type="TEARDOWN">
<kw name="Capture Page Screenshot" owner="SeleniumLibrary">
<msg time="2025-02-20T00:09:45.523196" level="INFO" html="true">&lt;/td&gt;&lt;/tr&gt;&lt;tr&gt;&lt;td colspan="3"&gt;&lt;a href="selenium-screenshot-9.png"&gt;&lt;img src="selenium-screenshot-9.png" width="800px"&gt;&lt;/a&gt;</msg>
<doc>Takes a screenshot of the current page and embeds it into a log file.</doc>
<status status="PASS" start="2025-02-20T00:09:45.504619" elapsed="0.018703"/>
</kw>
<kw name="Close Browser" owner="SeleniumLibrary">
<doc>Closes the current browser.</doc>
<status status="PASS" start="2025-02-20T00:09:45.523486" elapsed="0.576120"/>
</kw>
<status status="PASS" start="2025-02-20T00:09:45.504348" elapsed="0.595367"/>
</kw>
<doc>Esse teste faz o login no saucedemo.com,
adiciona produtos no carrinho e finaliza a compra</doc>
<tag>login_compra</tag>
<status status="PASS" start="2025-02-20T00:09:40.235507" elapsed="5.864318"/>
</test>
<status status="PASS" start="2025-02-20T00:09:40.134554" elapsed="5.965625"/>
</suite>
<statistics>
<total>
<stat pass="1" fail="0" skip="0">All Tests</stat>
</total>
<tag>
<stat pass="1" fail="0" skip="0">login_compra</stat>
</tag>
<suite>
<stat name="Saucedemo" id="s1" pass="1" fail="0" skip="0">Saucedemo</stat>
</suite>
</statistics>
<errors>
</errors>
</robot>
